2023-06-16 19:09:32,982:WARNING:No module named 'cuml'.
'cuml' is a soft dependency and not included in the pycaret installation. Please run: `pip install cuml` to install.
2023-06-16 19:09:32,984:WARNING:No module named 'cuml'.
'cuml' is a soft dependency and not included in the pycaret installation. Please run: `pip install cuml` to install.
2023-06-16 19:09:32,984:WARNING:No module named 'cuml'.
'cuml' is a soft dependency and not included in the pycaret installation. Please run: `pip install cuml` to install.
2023-06-16 19:09:32,989:WARNING:No module named 'cuml'.
'cuml' is a soft dependency and not included in the pycaret installation. Please run: `pip install cuml` to install.
2023-06-16 19:09:43,906:INFO:PyCaret ClusteringExperiment
2023-06-16 19:09:43,908:INFO:Logging name: cluster-default-name
2023-06-16 19:09:43,908:INFO:ML Usecase: MLUsecase.CLUSTERING
2023-06-16 19:09:43,908:INFO:version 3.0.0.rc3
2023-06-16 19:09:43,909:INFO:Initializing setup()
2023-06-16 19:09:43,909:INFO:self.USI: b930
2023-06-16 19:09:43,909:INFO:self.variable_keys: {'_all_metrics', 'html_param', '_gpu_n_jobs_param', '_all_models', 'memory', 'log_plots_param', '_all_models_internal', 'idx', 'exp_name_log', 'display_container', 'data', 'logging_param', 'USI', '_available_plots', 'gpu_param', 'pipeline', 'seed', 'X', 'variable_keys', 'master_model_container', 'n_jobs_param', '_ml_usecase', 'exp_id'}
2023-06-16 19:09:43,909:INFO:Checking environment
2023-06-16 19:09:43,909:INFO:python_version: 3.7.13
2023-06-16 19:09:43,909:INFO:python_build: ('default', 'Mar 28 2022 08:03:21')
2023-06-16 19:09:43,909:INFO:machine: AMD64
2023-06-16 19:09:43,909:INFO:platform: Windows-10-10.0.19041-SP0
2023-06-16 19:09:43,909:INFO:Memory: svmem(total=16907538432, available=8623677440, percent=49.0, used=8283860992, free=8623677440)
2023-06-16 19:09:43,909:INFO:Physical Core: 4
2023-06-16 19:09:43,909:INFO:Logical Core: 8
2023-06-16 19:09:43,909:INFO:Checking libraries
2023-06-16 19:09:43,909:INFO:System:
2023-06-16 19:09:43,909:INFO:    python: 3.7.13 (default, Mar 28 2022, 08:03:21) [MSC v.1916 64 bit (AMD64)]
2023-06-16 19:09:43,909:INFO:executable: c:\Users\99769242\Anaconda3\envs\pycaret_env\python.exe
2023-06-16 19:09:43,909:INFO:   machine: Windows-10-10.0.19041-SP0
2023-06-16 19:09:43,909:INFO:PyCaret required dependencies:
2023-06-16 19:09:46,891:INFO:                 pip: 22.1.2
2023-06-16 19:09:46,891:INFO:          setuptools: 61.2.0
2023-06-16 19:09:46,891:INFO:             pycaret: 3.0.0.rc3
2023-06-16 19:09:46,891:INFO:             IPython: 7.31.1
2023-06-16 19:09:46,891:INFO:          ipywidgets: 8.0.0rc1
2023-06-16 19:09:46,891:INFO:                tqdm: 4.64.0
2023-06-16 19:09:46,891:INFO:               numpy: 1.21.6
2023-06-16 19:09:46,891:INFO:              pandas: 1.3.5
2023-06-16 19:09:46,891:INFO:              jinja2: 3.1.2
2023-06-16 19:09:46,891:INFO:               scipy: 1.7.3
2023-06-16 19:09:46,893:INFO:              joblib: 1.1.0
2023-06-16 19:09:46,893:INFO:             sklearn: 1.0.2
2023-06-16 19:09:46,893:INFO:                pyod: Installed but version unavailable
2023-06-16 19:09:46,893:INFO:            imblearn: 0.9.0
2023-06-16 19:09:46,893:INFO:   category_encoders: 2.5.0
2023-06-16 19:09:46,893:INFO:            lightgbm: 3.3.2
2023-06-16 19:09:46,893:INFO:               numba: 0.55.2
2023-06-16 19:09:46,893:INFO:            requests: 2.28.1
2023-06-16 19:09:46,893:INFO:          matplotlib: 3.5.2
2023-06-16 19:09:46,894:INFO:          scikitplot: 0.3.7
2023-06-16 19:09:46,894:INFO:         yellowbrick: 1.4
2023-06-16 19:09:46,894:INFO:              plotly: 5.9.0
2023-06-16 19:09:46,894:INFO:             kaleido: 0.2.1
2023-06-16 19:09:46,894:INFO:         statsmodels: 0.13.2
2023-06-16 19:09:46,894:INFO:              sktime: 0.11.4
2023-06-16 19:09:46,894:INFO:               tbats: Installed but version unavailable
2023-06-16 19:09:46,894:INFO:            pmdarima: 1.8.5
2023-06-16 19:09:46,894:INFO:              psutil: 5.9.1
2023-06-16 19:09:46,894:INFO:None
2023-06-16 19:09:46,894:INFO:Set up data.
2023-06-16 19:09:46,952:INFO:Assigning column types.
2023-06-16 19:09:46,978:INFO:Preparing preprocessing pipeline...
2023-06-16 19:09:46,978:INFO:Set up simple imputation.
2023-06-16 19:09:46,978:INFO:Set up variance threshold.
2023-06-16 19:09:47,037:INFO:Finished creating preprocessing pipeline.
2023-06-16 19:09:47,059:INFO:Pipeline: Pipeline(memory=Memory(location=C:\Users\99769242\AppData\Local\Temp\joblib),
         steps=[('numerical_imputer',
                 TransformerWrapper(include=['População residente',
                                             'Densidade demográfica',
                                             'Porcentagem de Jovens',
                                             'Porcentagem de Ativos',
                                             'Porcentagem de Idosos',
                                             'Taxa de Urbanização',
                                             'Taxa de Saneamento Básico',
                                             'Ativos com Baixo Nível '
                                             'Educacional',
                                             'Ativos com Médio Nível '
                                             'Educa...
                                             'Percentual de empresas do setor '
                                             'terciário em relação ao total',
                                             'Percentual de trabalhadores do '
                                             'setor primário em relação ao '
                                             'total', ...],
                                    transformer=SimpleImputer())),
                ('categorical_imputer',
                 TransformerWrapper(include=[],
                                    transformer=SimpleImputer(fill_value='constant',
                                                              strategy='constant'))),
                ('low_variance',
                 TransformerWrapper(exclude=[],
                                    transformer=VarianceThreshold(threshold=0)))])
2023-06-16 19:09:47,059:INFO:Creating final display dataframe.
2023-06-16 19:09:47,150:INFO:Setup display_container:                Description                 Value
0               Session id                  3639
1      Original data shape            (5565, 39)
2   Transformed data shape            (5565, 39)
3          Ignore features                     3
4         Numeric features                    39
5               Preprocess                  True
6          Imputation type                simple
7       Numeric imputation                  mean
8   Categorical imputation              constant
9   Low variance threshold                     0
10                CPU Jobs                    -1
11                 Use GPU                 False
12          Log Experiment                 False
13         Experiment Name  cluster-default-name
14                     USI                  b930
2023-06-16 19:09:47,172:INFO:Soft dependency imported: kmodes: 0.12.2
2023-06-16 19:09:47,187:INFO:Soft dependency imported: kmodes: 0.12.2
2023-06-16 19:09:47,188:INFO:setup() successfully completed in 3.28s...............
2023-06-16 19:09:47,571:INFO:PyCaret ClusteringExperiment
2023-06-16 19:09:47,571:INFO:Logging name: cluster-default-name
2023-06-16 19:09:47,571:INFO:ML Usecase: MLUsecase.CLUSTERING
2023-06-16 19:09:47,571:INFO:version 3.0.0.rc3
2023-06-16 19:09:47,571:INFO:Initializing setup()
2023-06-16 19:09:47,571:INFO:self.USI: 41f2
2023-06-16 19:09:47,575:INFO:self.variable_keys: {'_all_metrics', 'html_param', '_gpu_n_jobs_param', '_all_models', 'memory', 'log_plots_param', '_all_models_internal', 'idx', 'exp_name_log', 'display_container', 'data', 'logging_param', 'USI', '_available_plots', 'gpu_param', 'pipeline', 'seed', 'X', 'variable_keys', 'master_model_container', 'n_jobs_param', '_ml_usecase', 'exp_id'}
2023-06-16 19:09:47,575:INFO:Checking environment
2023-06-16 19:09:47,575:INFO:python_version: 3.7.13
2023-06-16 19:09:47,575:INFO:python_build: ('default', 'Mar 28 2022 08:03:21')
2023-06-16 19:09:47,575:INFO:machine: AMD64
2023-06-16 19:09:47,575:INFO:platform: Windows-10-10.0.19041-SP0
2023-06-16 19:09:47,576:INFO:Memory: svmem(total=16907538432, available=9036476416, percent=46.6, used=7871062016, free=9036476416)
2023-06-16 19:09:47,576:INFO:Physical Core: 4
2023-06-16 19:09:47,576:INFO:Logical Core: 8
2023-06-16 19:09:47,576:INFO:Checking libraries
2023-06-16 19:09:47,576:INFO:System:
2023-06-16 19:09:47,576:INFO:    python: 3.7.13 (default, Mar 28 2022, 08:03:21) [MSC v.1916 64 bit (AMD64)]
2023-06-16 19:09:47,577:INFO:executable: c:\Users\99769242\Anaconda3\envs\pycaret_env\python.exe
2023-06-16 19:09:47,577:INFO:   machine: Windows-10-10.0.19041-SP0
2023-06-16 19:09:47,577:INFO:PyCaret required dependencies:
2023-06-16 19:09:47,577:INFO:                 pip: 22.1.2
2023-06-16 19:09:47,577:INFO:          setuptools: 61.2.0
2023-06-16 19:09:47,578:INFO:             pycaret: 3.0.0.rc3
2023-06-16 19:09:47,578:INFO:             IPython: 7.31.1
2023-06-16 19:09:47,578:INFO:          ipywidgets: 8.0.0rc1
2023-06-16 19:09:47,578:INFO:                tqdm: 4.64.0
2023-06-16 19:09:47,579:INFO:               numpy: 1.21.6
2023-06-16 19:09:47,579:INFO:              pandas: 1.3.5
2023-06-16 19:09:47,579:INFO:              jinja2: 3.1.2
2023-06-16 19:09:47,579:INFO:               scipy: 1.7.3
2023-06-16 19:09:47,579:INFO:              joblib: 1.1.0
2023-06-16 19:09:47,579:INFO:             sklearn: 1.0.2
2023-06-16 19:09:47,580:INFO:                pyod: Installed but version unavailable
2023-06-16 19:09:47,580:INFO:            imblearn: 0.9.0
2023-06-16 19:09:47,580:INFO:   category_encoders: 2.5.0
2023-06-16 19:09:47,580:INFO:            lightgbm: 3.3.2
2023-06-16 19:09:47,580:INFO:               numba: 0.55.2
2023-06-16 19:09:47,580:INFO:            requests: 2.28.1
2023-06-16 19:09:47,580:INFO:          matplotlib: 3.5.2
2023-06-16 19:09:47,580:INFO:          scikitplot: 0.3.7
2023-06-16 19:09:47,580:INFO:         yellowbrick: 1.4
2023-06-16 19:09:47,580:INFO:              plotly: 5.9.0
2023-06-16 19:09:47,580:INFO:             kaleido: 0.2.1
2023-06-16 19:09:47,580:INFO:         statsmodels: 0.13.2
2023-06-16 19:09:47,580:INFO:              sktime: 0.11.4
2023-06-16 19:09:47,580:INFO:               tbats: Installed but version unavailable
2023-06-16 19:09:47,580:INFO:            pmdarima: 1.8.5
2023-06-16 19:09:47,580:INFO:              psutil: 5.9.1
2023-06-16 19:09:47,580:INFO:None
2023-06-16 19:09:47,580:INFO:Set up data.
2023-06-16 19:09:47,646:INFO:Assigning column types.
2023-06-16 19:09:47,668:INFO:Preparing preprocessing pipeline...
2023-06-16 19:09:47,668:INFO:Set up simple imputation.
2023-06-16 19:09:47,668:INFO:Set up variance threshold.
2023-06-16 19:09:47,753:INFO:Finished creating preprocessing pipeline.
2023-06-16 19:09:47,795:INFO:Pipeline: Pipeline(memory=Memory(location=C:\Users\99769242\AppData\Local\Temp\joblib),
         steps=[('numerical_imputer',
                 TransformerWrapper(include=['População residente',
                                             'Densidade demográfica',
                                             'Porcentagem de Jovens',
                                             'Porcentagem de Ativos',
                                             'Porcentagem de Idosos',
                                             'Taxa de Urbanização',
                                             'Taxa de Saneamento Básico',
                                             'Ativos com Baixo Nível '
                                             'Educacional',
                                             'Ativos com Médio Nível '
                                             'Educa...
                                             'Percentual de empresas do setor '
                                             'terciário em relação ao total',
                                             'Percentual de trabalhadores do '
                                             'setor primário em relação ao '
                                             'total', ...],
                                    transformer=SimpleImputer())),
                ('categorical_imputer',
                 TransformerWrapper(include=[],
                                    transformer=SimpleImputer(fill_value='constant',
                                                              strategy='constant'))),
                ('low_variance',
                 TransformerWrapper(exclude=[],
                                    transformer=VarianceThreshold(threshold=0)))])
2023-06-16 19:09:47,795:INFO:Creating final display dataframe.
2023-06-16 19:09:47,867:INFO:Setup display_container:                Description                 Value
0               Session id                  6375
1      Original data shape            (5565, 39)
2   Transformed data shape            (5565, 39)
3          Ignore features                     3
4         Numeric features                    39
5               Preprocess                  True
6          Imputation type                simple
7       Numeric imputation                  mean
8   Categorical imputation              constant
9   Low variance threshold                     0
10                CPU Jobs                    -1
11                 Use GPU                 False
12          Log Experiment                 False
13         Experiment Name  cluster-default-name
14                     USI                  41f2
2023-06-16 19:09:47,884:INFO:Soft dependency imported: kmodes: 0.12.2
2023-06-16 19:09:47,885:INFO:Soft dependency imported: kmodes: 0.12.2
2023-06-16 19:09:47,888:INFO:setup() successfully completed in 0.32s...............
2023-06-16 19:09:47,986:INFO:Initializing create_model()
2023-06-16 19:09:47,987:INFO:create_model(self=<pycaret.clustering.oop.ClusteringExperiment object at 0x0000024EB9A22088>, estimator=kmeans, num_clusters=6, fraction=0.05, ground_truth=None, round=4, fit_kwargs=None, experiment_custom_tags=None, verbose=True, system=True, add_to_model_list=True, raise_num_clusters=False, display=None, kwargs={})
2023-06-16 19:09:47,987:INFO:Checking exceptions
2023-06-16 19:09:48,040:INFO:Importing libraries
2023-06-16 19:09:48,122:INFO:Importing untrained model
2023-06-16 19:09:48,135:INFO:K-Means Clustering Imported succesfully
2023-06-16 19:09:48,149:INFO:Fitting Model
2023-06-16 19:09:49,602:INFO:KMeans(n_clusters=6, random_state=3639)
2023-06-16 19:09:49,602:INFO:create_models() succesfully completed......................................
2023-06-16 19:09:49,610:INFO:Uploading results into container
2023-06-16 19:09:49,616:INFO:Uploading model into container now
2023-06-16 19:09:49,630:INFO:master_model_container: 1
2023-06-16 19:09:49,630:INFO:display_container: 2
2023-06-16 19:09:49,631:INFO:KMeans(n_clusters=6, random_state=3639)
2023-06-16 19:09:49,631:INFO:create_model() succesfully completed......................................
2023-06-16 19:09:49,877:INFO:gpu_param set to False
2023-06-16 19:09:49,878:INFO:Soft dependency imported: kmodes: 0.12.2
2023-06-16 19:09:49,879:INFO:Soft dependency imported: kmodes: 0.12.2
2023-06-16 19:09:50,020:INFO:Initializing assign_model()
2023-06-16 19:09:50,020:INFO:assign_model(self=<pycaret.clustering.oop.ClusteringExperiment object at 0x0000024EB9A22088>, model=KMeans(n_clusters=6, random_state=3639), transformation=False, score=True, verbose=True)
2023-06-16 19:09:50,020:INFO:Checking exceptions
2023-06-16 19:09:50,021:INFO:Determining Trained Model
2023-06-16 19:09:50,021:INFO:Trained Model : K-Means Clustering
2023-06-16 19:09:50,021:INFO:Copying data
2023-06-16 19:09:50,035:INFO:(5565, 40)
2023-06-16 19:09:50,035:INFO:assign_model() succesfully completed......................................
2023-06-16 19:09:50,421:INFO:Initializing predict_model()
2023-06-16 19:09:50,422:INFO:predict_model(self=<pycaret.clustering.oop.ClusteringExperiment object at 0x0000024EB9A22088>, estimator=KMeans(n_clusters=6, random_state=3639), ml_usecase=None)
2023-06-16 19:09:50,422:INFO:Set up data.
2023-06-16 19:10:12,045:INFO:Initializing plot_model()
2023-06-16 19:10:12,046:INFO:plot_model(plot=cluster, fold=None, use_train_data=False, verbose=True, display=None, display_format=None, estimator=KMeans(n_clusters=6, random_state=3639), feature_name=None, fit_kwargs=None, groups=None, label=False, plot_kwargs=None, save=False, scale=1, self=<pycaret.clustering.oop.ClusteringExperiment object at 0x0000024EB9A22088>, system=True)
2023-06-16 19:10:12,047:INFO:Checking exceptions
2023-06-16 19:10:12,064:INFO:Preloading libraries
2023-06-16 19:10:12,066:INFO:Copying training dataset
2023-06-16 19:10:12,067:INFO:Plot type: cluster
2023-06-16 19:10:12,068:INFO:SubProcess assign_model() called ==================================
2023-06-16 19:10:12,070:INFO:Initializing assign_model()
2023-06-16 19:10:12,070:INFO:assign_model(self=<pycaret.clustering.oop.ClusteringExperiment object at 0x0000024EB9A22088>, model=KMeans(n_clusters=6, random_state=3639), transformation=True, score=True, verbose=False)
2023-06-16 19:10:12,070:INFO:Checking exceptions
2023-06-16 19:10:12,071:INFO:Determining Trained Model
2023-06-16 19:10:12,071:INFO:Trained Model : K-Means Clustering
2023-06-16 19:10:12,071:INFO:Copying data
2023-06-16 19:10:12,168:INFO:Transformation parameter set to True. Assigned clusters are attached on transformed dataset.
2023-06-16 19:10:12,175:INFO:(5565, 40)
2023-06-16 19:10:12,175:INFO:assign_model() succesfully completed......................................
2023-06-16 19:10:12,182:INFO:SubProcess assign_model() end ==================================
2023-06-16 19:10:12,201:INFO:Fitting PCA()
2023-06-16 19:10:12,325:INFO:Sorting dataframe
2023-06-16 19:10:12,352:INFO:Rendering Visual
2023-06-16 19:10:18,341:INFO:Visual Rendered Successfully
2023-06-16 19:10:18,731:INFO:plot_model() successfully completed......................................
2023-06-16 19:10:19,885:INFO:Initializing plot_model()
2023-06-16 19:10:19,886:INFO:plot_model(plot=elbow, fold=None, use_train_data=False, verbose=True, display=None, display_format=None, estimator=KMeans(n_clusters=6, random_state=3639), feature_name=None, fit_kwargs=None, groups=None, label=False, plot_kwargs=None, save=False, scale=1, self=<pycaret.clustering.oop.ClusteringExperiment object at 0x0000024EB9A22088>, system=True)
2023-06-16 19:10:19,886:INFO:Checking exceptions
2023-06-16 19:10:19,914:INFO:Preloading libraries
2023-06-16 19:10:19,917:INFO:Copying training dataset
2023-06-16 19:10:19,917:INFO:Plot type: elbow
2023-06-16 19:10:20,438:INFO:Fitting Model
2023-06-16 19:10:24,115:INFO:Visual Rendered Successfully
2023-06-16 19:10:24,387:INFO:plot_model() successfully completed......................................
2023-06-16 19:10:24,506:INFO:Initializing plot_model()
2023-06-16 19:10:24,507:INFO:plot_model(plot=silhouette, fold=None, use_train_data=False, verbose=True, display=None, display_format=None, estimator=KMeans(n_clusters=6, random_state=3639), feature_name=None, fit_kwargs=None, groups=None, label=False, plot_kwargs=None, save=False, scale=1, self=<pycaret.clustering.oop.ClusteringExperiment object at 0x0000024EB9A22088>, system=True)
2023-06-16 19:10:24,508:INFO:Checking exceptions
2023-06-16 19:10:24,529:INFO:Preloading libraries
2023-06-16 19:10:24,531:INFO:Copying training dataset
2023-06-16 19:10:24,532:INFO:Plot type: silhouette
2023-06-16 19:10:24,630:INFO:Fitting Model
2023-06-16 19:10:28,581:INFO:Visual Rendered Successfully
2023-06-16 19:10:28,767:INFO:plot_model() successfully completed......................................
2023-06-19 15:43:45,587:WARNING:No module named 'cuml'.
'cuml' is a soft dependency and not included in the pycaret installation. Please run: `pip install cuml` to install.
2023-06-19 15:43:45,589:WARNING:No module named 'cuml'.
'cuml' is a soft dependency and not included in the pycaret installation. Please run: `pip install cuml` to install.
2023-06-19 15:43:45,590:WARNING:No module named 'cuml'.
'cuml' is a soft dependency and not included in the pycaret installation. Please run: `pip install cuml` to install.
2023-06-19 15:43:45,591:WARNING:No module named 'cuml'.
'cuml' is a soft dependency and not included in the pycaret installation. Please run: `pip install cuml` to install.
2023-06-19 15:43:51,269:INFO:PyCaret ClusteringExperiment
2023-06-19 15:43:51,269:INFO:Logging name: cluster-default-name
2023-06-19 15:43:51,269:INFO:ML Usecase: MLUsecase.CLUSTERING
2023-06-19 15:43:51,269:INFO:version 3.0.0.rc3
2023-06-19 15:43:51,269:INFO:Initializing setup()
2023-06-19 15:43:51,269:INFO:self.USI: 8910
2023-06-19 15:43:51,269:INFO:self.variable_keys: {'memory', 'logging_param', 'gpu_param', 'log_plots_param', 'USI', 'html_param', '_ml_usecase', 'exp_name_log', 'n_jobs_param', '_all_metrics', 'seed', '_all_models_internal', '_available_plots', 'exp_id', 'data', 'display_container', 'pipeline', 'variable_keys', 'master_model_container', '_gpu_n_jobs_param', 'idx', '_all_models', 'X'}
2023-06-19 15:43:51,269:INFO:Checking environment
2023-06-19 15:43:51,269:INFO:python_version: 3.7.13
2023-06-19 15:43:51,269:INFO:python_build: ('default', 'Mar 28 2022 08:03:21')
2023-06-19 15:43:51,270:INFO:machine: AMD64
2023-06-19 15:43:51,270:INFO:platform: Windows-10-10.0.19041-SP0
2023-06-19 15:43:51,270:INFO:Memory: svmem(total=16907538432, available=5667213312, percent=66.5, used=11240325120, free=5667213312)
2023-06-19 15:43:51,270:INFO:Physical Core: 4
2023-06-19 15:43:51,270:INFO:Logical Core: 8
2023-06-19 15:43:51,270:INFO:Checking libraries
2023-06-19 15:43:51,270:INFO:System:
2023-06-19 15:43:51,270:INFO:    python: 3.7.13 (default, Mar 28 2022, 08:03:21) [MSC v.1916 64 bit (AMD64)]
2023-06-19 15:43:51,270:INFO:executable: c:\Users\99769242\Anaconda3\envs\pycaret_env\python.exe
2023-06-19 15:43:51,270:INFO:   machine: Windows-10-10.0.19041-SP0
2023-06-19 15:43:51,270:INFO:PyCaret required dependencies:
2023-06-19 15:43:52,647:INFO:                 pip: 22.1.2
2023-06-19 15:43:52,647:INFO:          setuptools: 61.2.0
2023-06-19 15:43:52,647:INFO:             pycaret: 3.0.0.rc3
2023-06-19 15:43:52,647:INFO:             IPython: 7.31.1
2023-06-19 15:43:52,647:INFO:          ipywidgets: 8.0.0rc1
2023-06-19 15:43:52,647:INFO:                tqdm: 4.64.0
2023-06-19 15:43:52,647:INFO:               numpy: 1.21.6
2023-06-19 15:43:52,647:INFO:              pandas: 1.3.5
2023-06-19 15:43:52,647:INFO:              jinja2: 3.1.2
2023-06-19 15:43:52,648:INFO:               scipy: 1.7.3
2023-06-19 15:43:52,648:INFO:              joblib: 1.1.0
2023-06-19 15:43:52,648:INFO:             sklearn: 1.0.2
2023-06-19 15:43:52,648:INFO:                pyod: Installed but version unavailable
2023-06-19 15:43:52,648:INFO:            imblearn: 0.9.0
2023-06-19 15:43:52,648:INFO:   category_encoders: 2.5.0
2023-06-19 15:43:52,648:INFO:            lightgbm: 3.3.2
2023-06-19 15:43:52,648:INFO:               numba: 0.55.2
2023-06-19 15:43:52,648:INFO:            requests: 2.28.1
2023-06-19 15:43:52,648:INFO:          matplotlib: 3.5.2
2023-06-19 15:43:52,648:INFO:          scikitplot: 0.3.7
2023-06-19 15:43:52,648:INFO:         yellowbrick: 1.4
2023-06-19 15:43:52,648:INFO:              plotly: 5.9.0
2023-06-19 15:43:52,648:INFO:             kaleido: 0.2.1
2023-06-19 15:43:52,648:INFO:         statsmodels: 0.13.2
2023-06-19 15:43:52,649:INFO:              sktime: 0.11.4
2023-06-19 15:43:52,649:INFO:               tbats: Installed but version unavailable
2023-06-19 15:43:52,649:INFO:            pmdarima: 1.8.5
2023-06-19 15:43:52,649:INFO:              psutil: 5.9.1
2023-06-19 15:43:52,649:INFO:None
2023-06-19 15:43:52,649:INFO:Set up data.
2023-06-19 15:43:52,686:INFO:Assigning column types.
2023-06-19 15:43:52,703:INFO:Preparing preprocessing pipeline...
2023-06-19 15:43:52,703:INFO:Set up simple imputation.
2023-06-19 15:43:52,703:INFO:Set up variance threshold.
2023-06-19 15:43:52,749:INFO:Finished creating preprocessing pipeline.
2023-06-19 15:43:52,763:INFO:Pipeline: Pipeline(memory=Memory(location=C:\Users\99769242\AppData\Local\Temp\joblib),
         steps=[('numerical_imputer',
                 TransformerWrapper(include=['População residente',
                                             'Densidade demográfica',
                                             'Porcentagem de Jovens',
                                             'Porcentagem de Ativos',
                                             'Porcentagem de Idosos',
                                             'Taxa de Urbanização',
                                             'Taxa de Saneamento Básico',
                                             'Ativos com Baixo Nível '
                                             'Educacional',
                                             'Ativos com Médio Nível '
                                             'Educa...
                                             'Percentual de empresas do setor '
                                             'terciário em relação ao total',
                                             'Percentual de trabalhadores do '
                                             'setor primário em relação ao '
                                             'total', ...],
                                    transformer=SimpleImputer())),
                ('categorical_imputer',
                 TransformerWrapper(include=[],
                                    transformer=SimpleImputer(fill_value='constant',
                                                              strategy='constant'))),
                ('low_variance',
                 TransformerWrapper(exclude=[],
                                    transformer=VarianceThreshold(threshold=0)))])
2023-06-19 15:43:52,763:INFO:Creating final display dataframe.
2023-06-19 15:43:52,825:INFO:Setup display_container:                Description                 Value
0               Session id                  5962
1      Original data shape            (5565, 39)
2   Transformed data shape            (5565, 39)
3          Ignore features                     3
4         Numeric features                    39
5               Preprocess                  True
6          Imputation type                simple
7       Numeric imputation                  mean
8   Categorical imputation              constant
9   Low variance threshold                     0
10                CPU Jobs                    -1
11                 Use GPU                 False
12          Log Experiment                 False
13         Experiment Name  cluster-default-name
14                     USI                  8910
2023-06-19 15:43:52,842:INFO:Soft dependency imported: kmodes: 0.12.2
2023-06-19 15:43:52,854:INFO:Soft dependency imported: kmodes: 0.12.2
2023-06-19 15:43:52,857:INFO:setup() successfully completed in 1.59s...............
2023-06-19 15:43:53,052:INFO:PyCaret ClusteringExperiment
2023-06-19 15:43:53,052:INFO:Logging name: cluster-default-name
2023-06-19 15:43:53,052:INFO:ML Usecase: MLUsecase.CLUSTERING
2023-06-19 15:43:53,052:INFO:version 3.0.0.rc3
2023-06-19 15:43:53,052:INFO:Initializing setup()
2023-06-19 15:43:53,053:INFO:self.USI: 31c8
2023-06-19 15:43:53,053:INFO:self.variable_keys: {'memory', 'logging_param', 'gpu_param', 'log_plots_param', 'USI', 'html_param', '_ml_usecase', 'exp_name_log', 'n_jobs_param', '_all_metrics', 'seed', '_all_models_internal', '_available_plots', 'exp_id', 'data', 'display_container', 'pipeline', 'variable_keys', 'master_model_container', '_gpu_n_jobs_param', 'idx', '_all_models', 'X'}
2023-06-19 15:43:53,053:INFO:Checking environment
2023-06-19 15:43:53,053:INFO:python_version: 3.7.13
2023-06-19 15:43:53,053:INFO:python_build: ('default', 'Mar 28 2022 08:03:21')
2023-06-19 15:43:53,053:INFO:machine: AMD64
2023-06-19 15:43:53,053:INFO:platform: Windows-10-10.0.19041-SP0
2023-06-19 15:43:53,053:INFO:Memory: svmem(total=16907538432, available=5642084352, percent=66.6, used=11265454080, free=5642084352)
2023-06-19 15:43:53,053:INFO:Physical Core: 4
2023-06-19 15:43:53,053:INFO:Logical Core: 8
2023-06-19 15:43:53,054:INFO:Checking libraries
2023-06-19 15:43:53,054:INFO:System:
2023-06-19 15:43:53,054:INFO:    python: 3.7.13 (default, Mar 28 2022, 08:03:21) [MSC v.1916 64 bit (AMD64)]
2023-06-19 15:43:53,054:INFO:executable: c:\Users\99769242\Anaconda3\envs\pycaret_env\python.exe
2023-06-19 15:43:53,054:INFO:   machine: Windows-10-10.0.19041-SP0
2023-06-19 15:43:53,054:INFO:PyCaret required dependencies:
2023-06-19 15:43:53,054:INFO:                 pip: 22.1.2
2023-06-19 15:43:53,054:INFO:          setuptools: 61.2.0
2023-06-19 15:43:53,054:INFO:             pycaret: 3.0.0.rc3
2023-06-19 15:43:53,055:INFO:             IPython: 7.31.1
2023-06-19 15:43:53,055:INFO:          ipywidgets: 8.0.0rc1
2023-06-19 15:43:53,055:INFO:                tqdm: 4.64.0
2023-06-19 15:43:53,055:INFO:               numpy: 1.21.6
2023-06-19 15:43:53,055:INFO:              pandas: 1.3.5
2023-06-19 15:43:53,055:INFO:              jinja2: 3.1.2
2023-06-19 15:43:53,055:INFO:               scipy: 1.7.3
2023-06-19 15:43:53,055:INFO:              joblib: 1.1.0
2023-06-19 15:43:53,056:INFO:             sklearn: 1.0.2
2023-06-19 15:43:53,056:INFO:                pyod: Installed but version unavailable
2023-06-19 15:43:53,056:INFO:            imblearn: 0.9.0
2023-06-19 15:43:53,056:INFO:   category_encoders: 2.5.0
2023-06-19 15:43:53,056:INFO:            lightgbm: 3.3.2
2023-06-19 15:43:53,056:INFO:               numba: 0.55.2
2023-06-19 15:43:53,056:INFO:            requests: 2.28.1
2023-06-19 15:43:53,056:INFO:          matplotlib: 3.5.2
2023-06-19 15:43:53,056:INFO:          scikitplot: 0.3.7
2023-06-19 15:43:53,056:INFO:         yellowbrick: 1.4
2023-06-19 15:43:53,056:INFO:              plotly: 5.9.0
2023-06-19 15:43:53,056:INFO:             kaleido: 0.2.1
2023-06-19 15:43:53,056:INFO:         statsmodels: 0.13.2
2023-06-19 15:43:53,056:INFO:              sktime: 0.11.4
2023-06-19 15:43:53,056:INFO:               tbats: Installed but version unavailable
2023-06-19 15:43:53,056:INFO:            pmdarima: 1.8.5
2023-06-19 15:43:53,056:INFO:              psutil: 5.9.1
2023-06-19 15:43:53,057:INFO:None
2023-06-19 15:43:53,057:INFO:Set up data.
2023-06-19 15:43:53,101:INFO:Assigning column types.
2023-06-19 15:43:53,153:INFO:Preparing preprocessing pipeline...
2023-06-19 15:43:53,153:INFO:Set up simple imputation.
2023-06-19 15:43:53,153:INFO:Set up variance threshold.
2023-06-19 15:43:53,193:INFO:Finished creating preprocessing pipeline.
2023-06-19 15:43:53,208:INFO:Pipeline: Pipeline(memory=Memory(location=C:\Users\99769242\AppData\Local\Temp\joblib),
         steps=[('numerical_imputer',
                 TransformerWrapper(include=['População residente',
                                             'Densidade demográfica',
                                             'Porcentagem de Jovens',
                                             'Porcentagem de Ativos',
                                             'Porcentagem de Idosos',
                                             'Taxa de Urbanização',
                                             'Taxa de Saneamento Básico',
                                             'Ativos com Baixo Nível '
                                             'Educacional',
                                             'Ativos com Médio Nível '
                                             'Educa...
                                             'Percentual de empresas do setor '
                                             'terciário em relação ao total',
                                             'Percentual de trabalhadores do '
                                             'setor primário em relação ao '
                                             'total', ...],
                                    transformer=SimpleImputer())),
                ('categorical_imputer',
                 TransformerWrapper(include=[],
                                    transformer=SimpleImputer(fill_value='constant',
                                                              strategy='constant'))),
                ('low_variance',
                 TransformerWrapper(exclude=[],
                                    transformer=VarianceThreshold(threshold=0)))])
2023-06-19 15:43:53,209:INFO:Creating final display dataframe.
2023-06-19 15:43:53,258:INFO:Setup display_container:                Description                 Value
0               Session id                  8069
1      Original data shape            (5565, 39)
2   Transformed data shape            (5565, 39)
3          Ignore features                     3
4         Numeric features                    39
5               Preprocess                  True
6          Imputation type                simple
7       Numeric imputation                  mean
8   Categorical imputation              constant
9   Low variance threshold                     0
10                CPU Jobs                    -1
11                 Use GPU                 False
12          Log Experiment                 False
13         Experiment Name  cluster-default-name
14                     USI                  31c8
2023-06-19 15:43:53,269:INFO:Soft dependency imported: kmodes: 0.12.2
2023-06-19 15:43:53,270:INFO:Soft dependency imported: kmodes: 0.12.2
2023-06-19 15:43:53,272:INFO:setup() successfully completed in 0.22s...............
2023-06-19 15:43:56,273:INFO:Initializing create_model()
2023-06-19 15:43:56,273:INFO:create_model(self=<pycaret.clustering.oop.ClusteringExperiment object at 0x000002936B51B288>, estimator=kmeans, num_clusters=4, fraction=0.05, ground_truth=None, round=4, fit_kwargs=None, experiment_custom_tags=None, verbose=True, system=True, add_to_model_list=True, raise_num_clusters=False, display=None, kwargs={})
2023-06-19 15:43:56,273:INFO:Checking exceptions
2023-06-19 15:43:56,313:INFO:Importing libraries
2023-06-19 15:43:56,357:INFO:Importing untrained model
2023-06-19 15:43:56,366:INFO:K-Means Clustering Imported succesfully
2023-06-19 15:43:56,378:INFO:Fitting Model
2023-06-19 15:43:57,504:INFO:KMeans(n_clusters=4, random_state=5962)
2023-06-19 15:43:57,504:INFO:create_models() succesfully completed......................................
2023-06-19 15:43:57,513:INFO:Uploading results into container
2023-06-19 15:43:57,518:INFO:Uploading model into container now
2023-06-19 15:43:57,532:INFO:master_model_container: 1
2023-06-19 15:43:57,532:INFO:display_container: 2
2023-06-19 15:43:57,532:INFO:KMeans(n_clusters=4, random_state=5962)
2023-06-19 15:43:57,532:INFO:create_model() succesfully completed......................................
2023-06-19 15:44:00,793:INFO:gpu_param set to False
2023-06-19 15:44:00,793:INFO:Soft dependency imported: kmodes: 0.12.2
2023-06-19 15:44:00,793:INFO:Soft dependency imported: kmodes: 0.12.2
2023-06-19 15:44:04,845:INFO:Initializing assign_model()
2023-06-19 15:44:04,845:INFO:assign_model(self=<pycaret.clustering.oop.ClusteringExperiment object at 0x000002936B51B288>, model=KMeans(n_clusters=4, random_state=5962), transformation=False, score=True, verbose=True)
2023-06-19 15:44:04,845:INFO:Checking exceptions
2023-06-19 15:44:04,845:INFO:Determining Trained Model
2023-06-19 15:44:04,846:INFO:Trained Model : K-Means Clustering
2023-06-19 15:44:04,846:INFO:Copying data
2023-06-19 15:44:04,854:INFO:(5565, 40)
2023-06-19 15:44:04,854:INFO:assign_model() succesfully completed......................................
2023-06-19 15:44:09,648:INFO:Initializing predict_model()
2023-06-19 15:44:09,648:INFO:predict_model(self=<pycaret.clustering.oop.ClusteringExperiment object at 0x000002936B51B288>, estimator=KMeans(n_clusters=4, random_state=5962), ml_usecase=None)
2023-06-19 15:44:09,648:INFO:Set up data.
2023-06-19 15:44:23,942:INFO:Initializing plot_model()
2023-06-19 15:44:23,942:INFO:plot_model(plot=cluster, fold=None, use_train_data=False, verbose=True, display=None, display_format=None, estimator=KMeans(n_clusters=4, random_state=5962), feature_name=None, fit_kwargs=None, groups=None, label=False, plot_kwargs=None, save=False, scale=1, self=<pycaret.clustering.oop.ClusteringExperiment object at 0x000002936B51B288>, system=True)
2023-06-19 15:44:23,942:INFO:Checking exceptions
2023-06-19 15:44:23,950:INFO:Preloading libraries
2023-06-19 15:44:23,951:INFO:Copying training dataset
2023-06-19 15:44:23,951:INFO:Plot type: cluster
2023-06-19 15:44:23,951:INFO:SubProcess assign_model() called ==================================
2023-06-19 15:44:23,952:INFO:Initializing assign_model()
2023-06-19 15:44:23,952:INFO:assign_model(self=<pycaret.clustering.oop.ClusteringExperiment object at 0x000002936B51B288>, model=KMeans(n_clusters=4, random_state=5962), transformation=True, score=True, verbose=False)
2023-06-19 15:44:23,953:INFO:Checking exceptions
2023-06-19 15:44:23,953:INFO:Determining Trained Model
2023-06-19 15:44:23,953:INFO:Trained Model : K-Means Clustering
2023-06-19 15:44:23,953:INFO:Copying data
2023-06-19 15:44:23,996:INFO:Transformation parameter set to True. Assigned clusters are attached on transformed dataset.
2023-06-19 15:44:24,001:INFO:(5565, 40)
2023-06-19 15:44:24,001:INFO:assign_model() succesfully completed......................................
2023-06-19 15:44:24,003:INFO:SubProcess assign_model() end ==================================
2023-06-19 15:44:24,047:INFO:Fitting PCA()
2023-06-19 15:44:24,101:INFO:Sorting dataframe
2023-06-19 15:44:24,113:INFO:Rendering Visual
2023-06-19 15:44:26,845:INFO:Visual Rendered Successfully
2023-06-19 15:44:27,080:INFO:plot_model() successfully completed......................................
2023-06-19 15:44:27,198:INFO:Initializing plot_model()
2023-06-19 15:44:27,198:INFO:plot_model(plot=elbow, fold=None, use_train_data=False, verbose=True, display=None, display_format=None, estimator=KMeans(n_clusters=4, random_state=5962), feature_name=None, fit_kwargs=None, groups=None, label=False, plot_kwargs=None, save=False, scale=1, self=<pycaret.clustering.oop.ClusteringExperiment object at 0x000002936B51B288>, system=True)
2023-06-19 15:44:27,198:INFO:Checking exceptions
2023-06-19 15:44:27,208:INFO:Preloading libraries
2023-06-19 15:44:27,209:INFO:Copying training dataset
2023-06-19 15:44:27,209:INFO:Plot type: elbow
2023-06-19 15:44:27,484:INFO:Fitting Model
2023-06-19 15:44:29,822:INFO:Visual Rendered Successfully
2023-06-19 15:44:29,960:INFO:plot_model() successfully completed......................................
2023-06-19 15:44:30,022:INFO:Initializing plot_model()
2023-06-19 15:44:30,022:INFO:plot_model(plot=silhouette, fold=None, use_train_data=False, verbose=True, display=None, display_format=None, estimator=KMeans(n_clusters=4, random_state=5962), feature_name=None, fit_kwargs=None, groups=None, label=False, plot_kwargs=None, save=False, scale=1, self=<pycaret.clustering.oop.ClusteringExperiment object at 0x000002936B51B288>, system=True)
2023-06-19 15:44:30,022:INFO:Checking exceptions
2023-06-19 15:44:30,031:INFO:Preloading libraries
2023-06-19 15:44:30,032:INFO:Copying training dataset
2023-06-19 15:44:30,032:INFO:Plot type: silhouette
2023-06-19 15:44:30,073:INFO:Fitting Model
2023-06-19 15:44:32,238:INFO:Visual Rendered Successfully
2023-06-19 15:44:32,381:INFO:plot_model() successfully completed......................................
2023-06-19 16:23:40,382:INFO:Initializing create_model()
2023-06-19 16:23:40,383:INFO:create_model(self=<pycaret.clustering.oop.ClusteringExperiment object at 0x000002936B51B288>, estimator=kmeans, num_clusters=2, fraction=0.05, ground_truth=None, round=4, fit_kwargs=None, experiment_custom_tags=None, verbose=True, system=True, add_to_model_list=True, raise_num_clusters=False, display=None, kwargs={})
2023-06-19 16:23:40,383:INFO:Checking exceptions
2023-06-19 16:23:40,420:INFO:Importing libraries
2023-06-19 16:23:40,476:INFO:Importing untrained model
2023-06-19 16:23:40,487:INFO:K-Means Clustering Imported succesfully
2023-06-19 16:23:40,496:INFO:Fitting Model
2023-06-19 16:23:41,744:INFO:KMeans(n_clusters=2, random_state=5962)
2023-06-19 16:23:41,745:INFO:create_models() succesfully completed......................................
2023-06-19 16:23:41,751:INFO:Uploading results into container
2023-06-19 16:23:42,010:INFO:Uploading model into container now
2023-06-19 16:23:42,026:INFO:master_model_container: 2
2023-06-19 16:23:42,027:INFO:display_container: 3
2023-06-19 16:23:42,028:INFO:KMeans(n_clusters=2, random_state=5962)
2023-06-19 16:23:42,028:INFO:create_model() succesfully completed......................................
2023-06-19 16:23:46,290:INFO:gpu_param set to False
2023-06-19 16:23:46,292:INFO:Soft dependency imported: kmodes: 0.12.2
2023-06-19 16:23:46,293:INFO:Soft dependency imported: kmodes: 0.12.2
2023-06-19 16:23:46,527:INFO:Initializing assign_model()
2023-06-19 16:23:46,527:INFO:assign_model(self=<pycaret.clustering.oop.ClusteringExperiment object at 0x000002936B51B288>, model=KMeans(n_clusters=2, random_state=5962), transformation=False, score=True, verbose=True)
2023-06-19 16:23:46,528:INFO:Checking exceptions
2023-06-19 16:23:46,528:INFO:Determining Trained Model
2023-06-19 16:23:46,529:INFO:Trained Model : K-Means Clustering
2023-06-19 16:23:46,529:INFO:Copying data
2023-06-19 16:23:46,539:INFO:(5565, 40)
2023-06-19 16:23:46,540:INFO:assign_model() succesfully completed......................................
2023-06-19 16:23:46,681:INFO:Initializing predict_model()
2023-06-19 16:23:46,682:INFO:predict_model(self=<pycaret.clustering.oop.ClusteringExperiment object at 0x000002936B51B288>, estimator=KMeans(n_clusters=2, random_state=5962), ml_usecase=None)
2023-06-19 16:23:46,682:INFO:Set up data.
2023-06-19 16:24:11,359:INFO:Initializing plot_model()
2023-06-19 16:24:11,360:INFO:plot_model(plot=cluster, fold=None, use_train_data=False, verbose=True, display=None, display_format=None, estimator=KMeans(n_clusters=2, random_state=5962), feature_name=None, fit_kwargs=None, groups=None, label=False, plot_kwargs=None, save=False, scale=1, self=<pycaret.clustering.oop.ClusteringExperiment object at 0x000002936B51B288>, system=True)
2023-06-19 16:24:11,360:INFO:Checking exceptions
2023-06-19 16:24:11,368:INFO:Preloading libraries
2023-06-19 16:24:11,368:INFO:Copying training dataset
2023-06-19 16:24:11,368:INFO:Plot type: cluster
2023-06-19 16:24:11,369:INFO:SubProcess assign_model() called ==================================
2023-06-19 16:24:11,370:INFO:Initializing assign_model()
2023-06-19 16:24:11,370:INFO:assign_model(self=<pycaret.clustering.oop.ClusteringExperiment object at 0x000002936B51B288>, model=KMeans(n_clusters=2, random_state=5962), transformation=True, score=True, verbose=False)
2023-06-19 16:24:11,370:INFO:Checking exceptions
2023-06-19 16:24:11,370:INFO:Determining Trained Model
2023-06-19 16:24:11,371:INFO:Trained Model : K-Means Clustering
2023-06-19 16:24:11,371:INFO:Copying data
2023-06-19 16:24:11,415:INFO:Transformation parameter set to True. Assigned clusters are attached on transformed dataset.
2023-06-19 16:24:11,420:INFO:(5565, 40)
2023-06-19 16:24:11,420:INFO:assign_model() succesfully completed......................................
2023-06-19 16:24:11,422:INFO:SubProcess assign_model() end ==================================
2023-06-19 16:24:11,432:INFO:Fitting PCA()
2023-06-19 16:24:11,481:INFO:Sorting dataframe
2023-06-19 16:24:11,490:INFO:Rendering Visual
2023-06-19 16:24:11,667:INFO:Visual Rendered Successfully
2023-06-19 16:24:11,915:INFO:plot_model() successfully completed......................................
2023-06-19 16:24:12,459:INFO:Initializing plot_model()
2023-06-19 16:24:12,459:INFO:plot_model(plot=elbow, fold=None, use_train_data=False, verbose=True, display=None, display_format=None, estimator=KMeans(n_clusters=2, random_state=5962), feature_name=None, fit_kwargs=None, groups=None, label=False, plot_kwargs=None, save=False, scale=1, self=<pycaret.clustering.oop.ClusteringExperiment object at 0x000002936B51B288>, system=True)
2023-06-19 16:24:12,460:INFO:Checking exceptions
2023-06-19 16:24:12,469:INFO:Preloading libraries
2023-06-19 16:24:12,469:INFO:Copying training dataset
2023-06-19 16:24:12,469:INFO:Plot type: elbow
2023-06-19 16:24:12,522:INFO:Fitting Model
2023-06-19 16:24:14,338:INFO:Visual Rendered Successfully
2023-06-19 16:24:14,492:INFO:plot_model() successfully completed......................................
2023-06-19 16:24:14,571:INFO:Initializing plot_model()
2023-06-19 16:24:14,572:INFO:plot_model(plot=silhouette, fold=None, use_train_data=False, verbose=True, display=None, display_format=None, estimator=KMeans(n_clusters=2, random_state=5962), feature_name=None, fit_kwargs=None, groups=None, label=False, plot_kwargs=None, save=False, scale=1, self=<pycaret.clustering.oop.ClusteringExperiment object at 0x000002936B51B288>, system=True)
2023-06-19 16:24:14,573:INFO:Checking exceptions
2023-06-19 16:24:14,581:INFO:Preloading libraries
2023-06-19 16:24:14,582:INFO:Copying training dataset
2023-06-19 16:24:14,582:INFO:Plot type: silhouette
2023-06-19 16:24:14,623:INFO:Fitting Model
2023-06-19 16:24:16,992:INFO:Visual Rendered Successfully
2023-06-19 16:24:17,143:INFO:plot_model() successfully completed......................................
2023-06-19 16:26:12,602:INFO:PyCaret ClusteringExperiment
2023-06-19 16:26:12,602:INFO:Logging name: cluster-default-name
2023-06-19 16:26:12,603:INFO:ML Usecase: MLUsecase.CLUSTERING
2023-06-19 16:26:12,603:INFO:version 3.0.0.rc3
2023-06-19 16:26:12,603:INFO:Initializing setup()
2023-06-19 16:26:12,603:INFO:self.USI: fb68
2023-06-19 16:26:12,603:INFO:self.variable_keys: {'memory', 'logging_param', 'gpu_param', 'log_plots_param', 'USI', 'html_param', '_ml_usecase', 'exp_name_log', 'n_jobs_param', '_all_metrics', 'seed', '_all_models_internal', '_available_plots', 'exp_id', 'data', 'display_container', 'pipeline', 'variable_keys', 'master_model_container', '_gpu_n_jobs_param', 'idx', '_all_models', 'X'}
2023-06-19 16:26:12,603:INFO:Checking environment
2023-06-19 16:26:12,603:INFO:python_version: 3.7.13
2023-06-19 16:26:12,603:INFO:python_build: ('default', 'Mar 28 2022 08:03:21')
2023-06-19 16:26:12,603:INFO:machine: AMD64
2023-06-19 16:26:12,604:INFO:platform: Windows-10-10.0.19041-SP0
2023-06-19 16:26:12,604:INFO:Memory: svmem(total=16907538432, available=5596594176, percent=66.9, used=11310944256, free=5596594176)
2023-06-19 16:26:12,604:INFO:Physical Core: 4
2023-06-19 16:26:12,604:INFO:Logical Core: 8
2023-06-19 16:26:12,604:INFO:Checking libraries
2023-06-19 16:26:12,604:INFO:System:
2023-06-19 16:26:12,604:INFO:    python: 3.7.13 (default, Mar 28 2022, 08:03:21) [MSC v.1916 64 bit (AMD64)]
2023-06-19 16:26:12,604:INFO:executable: c:\Users\99769242\Anaconda3\envs\pycaret_env\python.exe
2023-06-19 16:26:12,605:INFO:   machine: Windows-10-10.0.19041-SP0
2023-06-19 16:26:12,605:INFO:PyCaret required dependencies:
2023-06-19 16:26:12,605:INFO:                 pip: 22.1.2
2023-06-19 16:26:12,605:INFO:          setuptools: 61.2.0
2023-06-19 16:26:12,605:INFO:             pycaret: 3.0.0.rc3
2023-06-19 16:26:12,606:INFO:             IPython: 7.31.1
2023-06-19 16:26:12,606:INFO:          ipywidgets: 8.0.0rc1
2023-06-19 16:26:12,606:INFO:                tqdm: 4.64.0
2023-06-19 16:26:12,606:INFO:               numpy: 1.21.6
2023-06-19 16:26:12,606:INFO:              pandas: 1.3.5
2023-06-19 16:26:12,606:INFO:              jinja2: 3.1.2
2023-06-19 16:26:12,606:INFO:               scipy: 1.7.3
2023-06-19 16:26:12,607:INFO:              joblib: 1.1.0
2023-06-19 16:26:12,607:INFO:             sklearn: 1.0.2
2023-06-19 16:26:12,607:INFO:                pyod: Installed but version unavailable
2023-06-19 16:26:12,607:INFO:            imblearn: 0.9.0
2023-06-19 16:26:12,607:INFO:   category_encoders: 2.5.0
2023-06-19 16:26:12,607:INFO:            lightgbm: 3.3.2
2023-06-19 16:26:12,607:INFO:               numba: 0.55.2
2023-06-19 16:26:12,607:INFO:            requests: 2.28.1
2023-06-19 16:26:12,608:INFO:          matplotlib: 3.5.2
2023-06-19 16:26:12,608:INFO:          scikitplot: 0.3.7
2023-06-19 16:26:12,608:INFO:         yellowbrick: 1.4
2023-06-19 16:26:12,608:INFO:              plotly: 5.9.0
2023-06-19 16:26:12,608:INFO:             kaleido: 0.2.1
2023-06-19 16:26:12,609:INFO:         statsmodels: 0.13.2
2023-06-19 16:26:12,609:INFO:              sktime: 0.11.4
2023-06-19 16:26:12,609:INFO:               tbats: Installed but version unavailable
2023-06-19 16:26:12,610:INFO:            pmdarima: 1.8.5
2023-06-19 16:26:12,610:INFO:              psutil: 5.9.1
2023-06-19 16:26:12,610:INFO:None
2023-06-19 16:26:12,610:INFO:Set up data.
2023-06-19 16:26:12,667:INFO:Assigning column types.
2023-06-19 16:26:12,682:INFO:Preparing preprocessing pipeline...
2023-06-19 16:26:12,682:INFO:Set up simple imputation.
2023-06-19 16:26:12,682:INFO:Set up variance threshold.
2023-06-19 16:26:12,723:INFO:Finished creating preprocessing pipeline.
2023-06-19 16:26:12,737:INFO:Pipeline: Pipeline(memory=Memory(location=C:\Users\99769242\AppData\Local\Temp\joblib),
         steps=[('numerical_imputer',
                 TransformerWrapper(include=['População residente',
                                             'Densidade demográfica',
                                             'Porcentagem de Jovens',
                                             'Porcentagem de Ativos',
                                             'Porcentagem de Idosos',
                                             'Taxa de Urbanização',
                                             'Taxa de Saneamento Básico',
                                             'Ativos com Baixo Nível '
                                             'Educacional',
                                             'Ativos com Médio Nível '
                                             'Educa...
                                             'Percentual de empresas do setor '
                                             'terciário em relação ao total',
                                             'Percentual de trabalhadores do '
                                             'setor primário em relação ao '
                                             'total', ...],
                                    transformer=SimpleImputer())),
                ('categorical_imputer',
                 TransformerWrapper(include=[],
                                    transformer=SimpleImputer(fill_value='constant',
                                                              strategy='constant'))),
                ('low_variance',
                 TransformerWrapper(exclude=[],
                                    transformer=VarianceThreshold(threshold=0)))])
2023-06-19 16:26:12,738:INFO:Creating final display dataframe.
2023-06-19 16:26:12,791:INFO:Setup display_container:                Description                 Value
0               Session id                  4524
1      Original data shape            (5565, 39)
2   Transformed data shape            (5565, 39)
3          Ignore features                     3
4         Numeric features                    39
5               Preprocess                  True
6          Imputation type                simple
7       Numeric imputation                  mean
8   Categorical imputation              constant
9   Low variance threshold                     0
10                CPU Jobs                    -1
11                 Use GPU                 False
12          Log Experiment                 False
13         Experiment Name  cluster-default-name
14                     USI                  fb68
2023-06-19 16:26:12,806:INFO:Soft dependency imported: kmodes: 0.12.2
2023-06-19 16:26:12,807:INFO:Soft dependency imported: kmodes: 0.12.2
2023-06-19 16:26:12,812:INFO:setup() successfully completed in 0.21s...............
2023-06-19 16:26:13,114:INFO:PyCaret ClusteringExperiment
2023-06-19 16:26:13,114:INFO:Logging name: cluster-default-name
2023-06-19 16:26:13,114:INFO:ML Usecase: MLUsecase.CLUSTERING
2023-06-19 16:26:13,114:INFO:version 3.0.0.rc3
2023-06-19 16:26:13,115:INFO:Initializing setup()
2023-06-19 16:26:13,115:INFO:self.USI: 2188
2023-06-19 16:26:13,115:INFO:self.variable_keys: {'memory', 'logging_param', 'gpu_param', 'log_plots_param', 'USI', 'html_param', '_ml_usecase', 'exp_name_log', 'n_jobs_param', '_all_metrics', 'seed', '_all_models_internal', '_available_plots', 'exp_id', 'data', 'display_container', 'pipeline', 'variable_keys', 'master_model_container', '_gpu_n_jobs_param', 'idx', '_all_models', 'X'}
2023-06-19 16:26:13,115:INFO:Checking environment
2023-06-19 16:26:13,115:INFO:python_version: 3.7.13
2023-06-19 16:26:13,115:INFO:python_build: ('default', 'Mar 28 2022 08:03:21')
2023-06-19 16:26:13,116:INFO:machine: AMD64
2023-06-19 16:26:13,116:INFO:platform: Windows-10-10.0.19041-SP0
2023-06-19 16:26:13,116:INFO:Memory: svmem(total=16907538432, available=5589016576, percent=66.9, used=11318521856, free=5589016576)
2023-06-19 16:26:13,116:INFO:Physical Core: 4
2023-06-19 16:26:13,116:INFO:Logical Core: 8
2023-06-19 16:26:13,116:INFO:Checking libraries
2023-06-19 16:26:13,116:INFO:System:
2023-06-19 16:26:13,117:INFO:    python: 3.7.13 (default, Mar 28 2022, 08:03:21) [MSC v.1916 64 bit (AMD64)]
2023-06-19 16:26:13,117:INFO:executable: c:\Users\99769242\Anaconda3\envs\pycaret_env\python.exe
2023-06-19 16:26:13,117:INFO:   machine: Windows-10-10.0.19041-SP0
2023-06-19 16:26:13,117:INFO:PyCaret required dependencies:
2023-06-19 16:26:13,117:INFO:                 pip: 22.1.2
2023-06-19 16:26:13,118:INFO:          setuptools: 61.2.0
2023-06-19 16:26:13,118:INFO:             pycaret: 3.0.0.rc3
2023-06-19 16:26:13,118:INFO:             IPython: 7.31.1
2023-06-19 16:26:13,118:INFO:          ipywidgets: 8.0.0rc1
2023-06-19 16:26:13,118:INFO:                tqdm: 4.64.0
2023-06-19 16:26:13,118:INFO:               numpy: 1.21.6
2023-06-19 16:26:13,118:INFO:              pandas: 1.3.5
2023-06-19 16:26:13,118:INFO:              jinja2: 3.1.2
2023-06-19 16:26:13,118:INFO:               scipy: 1.7.3
2023-06-19 16:26:13,118:INFO:              joblib: 1.1.0
2023-06-19 16:26:13,118:INFO:             sklearn: 1.0.2
2023-06-19 16:26:13,118:INFO:                pyod: Installed but version unavailable
2023-06-19 16:26:13,118:INFO:            imblearn: 0.9.0
2023-06-19 16:26:13,119:INFO:   category_encoders: 2.5.0
2023-06-19 16:26:13,119:INFO:            lightgbm: 3.3.2
2023-06-19 16:26:13,119:INFO:               numba: 0.55.2
2023-06-19 16:26:13,119:INFO:            requests: 2.28.1
2023-06-19 16:26:13,119:INFO:          matplotlib: 3.5.2
2023-06-19 16:26:13,119:INFO:          scikitplot: 0.3.7
2023-06-19 16:26:13,119:INFO:         yellowbrick: 1.4
2023-06-19 16:26:13,119:INFO:              plotly: 5.9.0
2023-06-19 16:26:13,119:INFO:             kaleido: 0.2.1
2023-06-19 16:26:13,119:INFO:         statsmodels: 0.13.2
2023-06-19 16:26:13,119:INFO:              sktime: 0.11.4
2023-06-19 16:26:13,119:INFO:               tbats: Installed but version unavailable
2023-06-19 16:26:13,120:INFO:            pmdarima: 1.8.5
2023-06-19 16:26:13,121:INFO:              psutil: 5.9.1
2023-06-19 16:26:13,121:INFO:None
2023-06-19 16:26:13,121:INFO:Set up data.
2023-06-19 16:26:13,167:INFO:Assigning column types.
2023-06-19 16:26:13,181:INFO:Preparing preprocessing pipeline...
2023-06-19 16:26:13,181:INFO:Set up simple imputation.
2023-06-19 16:26:13,181:INFO:Set up variance threshold.
2023-06-19 16:26:13,217:INFO:Finished creating preprocessing pipeline.
2023-06-19 16:26:13,233:INFO:Pipeline: Pipeline(memory=Memory(location=C:\Users\99769242\AppData\Local\Temp\joblib),
         steps=[('numerical_imputer',
                 TransformerWrapper(include=['População residente',
                                             'Densidade demográfica',
                                             'Porcentagem de Jovens',
                                             'Porcentagem de Ativos',
                                             'Porcentagem de Idosos',
                                             'Taxa de Urbanização',
                                             'Taxa de Saneamento Básico',
                                             'Ativos com Baixo Nível '
                                             'Educacional',
                                             'Ativos com Médio Nível '
                                             'Educa...
                                             'Percentual de empresas do setor '
                                             'terciário em relação ao total',
                                             'Percentual de trabalhadores do '
                                             'setor primário em relação ao '
                                             'total', ...],
                                    transformer=SimpleImputer())),
                ('categorical_imputer',
                 TransformerWrapper(include=[],
                                    transformer=SimpleImputer(fill_value='constant',
                                                              strategy='constant'))),
                ('low_variance',
                 TransformerWrapper(exclude=[],
                                    transformer=VarianceThreshold(threshold=0)))])
2023-06-19 16:26:13,233:INFO:Creating final display dataframe.
2023-06-19 16:26:13,286:INFO:Setup display_container:                Description                 Value
0               Session id                  7421
1      Original data shape            (5565, 39)
2   Transformed data shape            (5565, 39)
3          Ignore features                     3
4         Numeric features                    39
5               Preprocess                  True
6          Imputation type                simple
7       Numeric imputation                  mean
8   Categorical imputation              constant
9   Low variance threshold                     0
10                CPU Jobs                    -1
11                 Use GPU                 False
12          Log Experiment                 False
13         Experiment Name  cluster-default-name
14                     USI                  2188
2023-06-19 16:26:13,303:INFO:Soft dependency imported: kmodes: 0.12.2
2023-06-19 16:26:13,304:INFO:Soft dependency imported: kmodes: 0.12.2
2023-06-19 16:26:13,306:INFO:setup() successfully completed in 0.19s...............
2023-06-19 16:26:13,418:INFO:Initializing create_model()
2023-06-19 16:26:13,418:INFO:create_model(self=<pycaret.clustering.oop.ClusteringExperiment object at 0x0000029325FB6C08>, estimator=kmeans, num_clusters=5, fraction=0.05, ground_truth=None, round=4, fit_kwargs=None, experiment_custom_tags=None, verbose=True, system=True, add_to_model_list=True, raise_num_clusters=False, display=None, kwargs={})
2023-06-19 16:26:13,419:INFO:Checking exceptions
2023-06-19 16:26:13,453:INFO:Importing libraries
2023-06-19 16:26:13,503:INFO:Importing untrained model
2023-06-19 16:26:13,512:INFO:K-Means Clustering Imported succesfully
2023-06-19 16:26:13,521:INFO:Fitting Model
2023-06-19 16:26:14,761:INFO:KMeans(n_clusters=5, random_state=4524)
2023-06-19 16:26:14,761:INFO:create_models() succesfully completed......................................
2023-06-19 16:26:14,766:INFO:Uploading results into container
2023-06-19 16:26:14,771:INFO:Uploading model into container now
2023-06-19 16:26:14,784:INFO:master_model_container: 1
2023-06-19 16:26:14,785:INFO:display_container: 2
2023-06-19 16:26:14,786:INFO:KMeans(n_clusters=5, random_state=4524)
2023-06-19 16:26:14,788:INFO:create_model() succesfully completed......................................
2023-06-19 16:26:15,063:INFO:gpu_param set to False
2023-06-19 16:26:15,064:INFO:Soft dependency imported: kmodes: 0.12.2
2023-06-19 16:26:15,065:INFO:Soft dependency imported: kmodes: 0.12.2
2023-06-19 16:26:15,313:INFO:Initializing assign_model()
2023-06-19 16:26:15,313:INFO:assign_model(self=<pycaret.clustering.oop.ClusteringExperiment object at 0x0000029325FB6C08>, model=KMeans(n_clusters=5, random_state=4524), transformation=False, score=True, verbose=True)
2023-06-19 16:26:15,313:INFO:Checking exceptions
2023-06-19 16:26:15,314:INFO:Determining Trained Model
2023-06-19 16:26:15,314:INFO:Trained Model : K-Means Clustering
2023-06-19 16:26:15,314:INFO:Copying data
2023-06-19 16:26:15,322:INFO:(5565, 40)
2023-06-19 16:26:15,323:INFO:assign_model() succesfully completed......................................
2023-06-19 16:26:15,485:INFO:Initializing predict_model()
2023-06-19 16:26:15,485:INFO:predict_model(self=<pycaret.clustering.oop.ClusteringExperiment object at 0x0000029325FB6C08>, estimator=KMeans(n_clusters=5, random_state=4524), ml_usecase=None)
2023-06-19 16:26:15,485:INFO:Set up data.
2023-06-19 16:26:26,514:INFO:Initializing plot_model()
2023-06-19 16:26:26,514:INFO:plot_model(plot=cluster, fold=None, use_train_data=False, verbose=True, display=None, display_format=None, estimator=KMeans(n_clusters=5, random_state=4524), feature_name=None, fit_kwargs=None, groups=None, label=False, plot_kwargs=None, save=False, scale=1, self=<pycaret.clustering.oop.ClusteringExperiment object at 0x0000029325FB6C08>, system=True)
2023-06-19 16:26:26,515:INFO:Checking exceptions
2023-06-19 16:26:26,524:INFO:Preloading libraries
2023-06-19 16:26:26,525:INFO:Copying training dataset
2023-06-19 16:26:26,525:INFO:Plot type: cluster
2023-06-19 16:26:26,525:INFO:SubProcess assign_model() called ==================================
2023-06-19 16:26:26,526:INFO:Initializing assign_model()
2023-06-19 16:26:26,526:INFO:assign_model(self=<pycaret.clustering.oop.ClusteringExperiment object at 0x0000029325FB6C08>, model=KMeans(n_clusters=5, random_state=4524), transformation=True, score=True, verbose=False)
2023-06-19 16:26:26,527:INFO:Checking exceptions
2023-06-19 16:26:26,527:INFO:Determining Trained Model
2023-06-19 16:26:26,527:INFO:Trained Model : K-Means Clustering
2023-06-19 16:26:26,527:INFO:Copying data
2023-06-19 16:26:26,570:INFO:Transformation parameter set to True. Assigned clusters are attached on transformed dataset.
2023-06-19 16:26:26,575:INFO:(5565, 40)
2023-06-19 16:26:26,576:INFO:assign_model() succesfully completed......................................
2023-06-19 16:26:26,577:INFO:SubProcess assign_model() end ==================================
2023-06-19 16:26:26,587:INFO:Fitting PCA()
2023-06-19 16:26:26,635:INFO:Sorting dataframe
2023-06-19 16:26:26,647:INFO:Rendering Visual
2023-06-19 16:26:26,853:INFO:Visual Rendered Successfully
2023-06-19 16:26:27,094:INFO:plot_model() successfully completed......................................
2023-06-19 16:26:27,541:INFO:Initializing plot_model()
2023-06-19 16:26:27,541:INFO:plot_model(plot=elbow, fold=None, use_train_data=False, verbose=True, display=None, display_format=None, estimator=KMeans(n_clusters=5, random_state=4524), feature_name=None, fit_kwargs=None, groups=None, label=False, plot_kwargs=None, save=False, scale=1, self=<pycaret.clustering.oop.ClusteringExperiment object at 0x0000029325FB6C08>, system=True)
2023-06-19 16:26:27,541:INFO:Checking exceptions
2023-06-19 16:26:27,551:INFO:Preloading libraries
2023-06-19 16:26:27,552:INFO:Copying training dataset
2023-06-19 16:26:27,553:INFO:Plot type: elbow
2023-06-19 16:26:27,605:INFO:Fitting Model
2023-06-19 16:26:29,574:INFO:Visual Rendered Successfully
2023-06-19 16:26:29,722:INFO:plot_model() successfully completed......................................
2023-06-19 16:26:29,787:INFO:Initializing plot_model()
2023-06-19 16:26:29,788:INFO:plot_model(plot=silhouette, fold=None, use_train_data=False, verbose=True, display=None, display_format=None, estimator=KMeans(n_clusters=5, random_state=4524), feature_name=None, fit_kwargs=None, groups=None, label=False, plot_kwargs=None, save=False, scale=1, self=<pycaret.clustering.oop.ClusteringExperiment object at 0x0000029325FB6C08>, system=True)
2023-06-19 16:26:29,788:INFO:Checking exceptions
2023-06-19 16:26:29,799:INFO:Preloading libraries
2023-06-19 16:26:29,800:INFO:Copying training dataset
2023-06-19 16:26:29,800:INFO:Plot type: silhouette
2023-06-19 16:26:29,839:INFO:Fitting Model
2023-06-19 16:26:32,092:INFO:Visual Rendered Successfully
2023-06-19 16:26:32,240:INFO:plot_model() successfully completed......................................
